

Started GET "/items" for 127.0.0.1 at 2013-08-26 21:48:20 +0300
Connecting to database specified by database.yml

ActionController::RoutingError (No route matches [GET] "/items"):
  actionpack (3.2.5) lib/action_dispatch/middleware/debug_exceptions.rb:21:in `call'
  actionpack (3.2.5) lib/action_dispatch/middleware/show_exceptions.rb:56:in `call'
  railties (3.2.5) lib/rails/rack/logger.rb:26:in `call_app'
  railties (3.2.5) lib/rails/rack/logger.rb:16:in `call'
  actionpack (3.2.5) lib/action_dispatch/middleware/request_id.rb:22:in `call'
  rack (1.4.5) lib/rack/methodoverride.rb:21:in `call'
  rack (1.4.5) lib/rack/runtime.rb:17:in `call'
  activesupport (3.2.5) lib/active_support/cache/strategy/local_cache.rb:72:in `call'
  rack (1.4.5) lib/rack/lock.rb:15:in `call'
  actionpack (3.2.5) lib/action_dispatch/middleware/static.rb:62:in `call'
  railties (3.2.5) lib/rails/engine.rb:479:in `call'
  railties (3.2.5) lib/rails/application.rb:220:in `call'
  rack (1.4.5) lib/rack/content_length.rb:14:in `call'
  railties (3.2.5) lib/rails/rack/log_tailer.rb:17:in `call'
  rack (1.4.5) lib/rack/handler/webrick.rb:59:in `service'
  d:/webraz/RailsInstaller/Ruby1.9.3/lib/ruby/1.9.1/webrick/httpserver.rb:138:in `service'
  d:/webraz/RailsInstaller/Ruby1.9.3/lib/ruby/1.9.1/webrick/httpserver.rb:94:in `run'
  d:/webraz/RailsInstaller/Ruby1.9.3/lib/ruby/1.9.1/webrick/server.rb:191:in `block in start_thread'


  Rendered d:/webraz/RailsInstaller/Ruby1.9.3/lib/ruby/gems/1.9.1/gems/actionpack-3.2.5/lib/action_dispatch/middleware/templates/rescues/routing_error.erb within rescues/layout (77.0ms)


Started GET "/assets/rails.png" for 127.0.0.1 at 2013-08-26 22:21:55 +0300
Served asset /rails.png - 200 OK (93ms)


Started GET "/demo" for 127.0.0.1 at 2013-08-26 22:34:44 +0300

ActionController::RoutingError (No route matches [GET] "/demo"):
  actionpack (3.2.5) lib/action_dispatch/middleware/debug_exceptions.rb:21:in `call'
  actionpack (3.2.5) lib/action_dispatch/middleware/show_exceptions.rb:56:in `call'
  railties (3.2.5) lib/rails/rack/logger.rb:26:in `call_app'
  railties (3.2.5) lib/rails/rack/logger.rb:16:in `call'
  actionpack (3.2.5) lib/action_dispatch/middleware/request_id.rb:22:in `call'
  rack (1.4.5) lib/rack/methodoverride.rb:21:in `call'
  rack (1.4.5) lib/rack/runtime.rb:17:in `call'
  activesupport (3.2.5) lib/active_support/cache/strategy/local_cache.rb:72:in `call'
  rack (1.4.5) lib/rack/lock.rb:15:in `call'
  actionpack (3.2.5) lib/action_dispatch/middleware/static.rb:62:in `call'
  railties (3.2.5) lib/rails/engine.rb:479:in `call'
  railties (3.2.5) lib/rails/application.rb:220:in `call'
  rack (1.4.5) lib/rack/content_length.rb:14:in `call'
  railties (3.2.5) lib/rails/rack/log_tailer.rb:17:in `call'
  rack (1.4.5) lib/rack/handler/webrick.rb:59:in `service'
  d:/webraz/RailsInstaller/Ruby1.9.3/lib/ruby/1.9.1/webrick/httpserver.rb:138:in `service'
  d:/webraz/RailsInstaller/Ruby1.9.3/lib/ruby/1.9.1/webrick/httpserver.rb:94:in `run'
  d:/webraz/RailsInstaller/Ruby1.9.3/lib/ruby/1.9.1/webrick/server.rb:191:in `block in start_thread'


  Rendered d:/webraz/RailsInstaller/Ruby1.9.3/lib/ruby/gems/1.9.1/gems/actionpack-3.2.5/lib/action_dispatch/middleware/templates/rescues/routing_error.erb within rescues/layout (0.0ms)


Started GET "/demo/inex" for 127.0.0.1 at 2013-08-26 22:35:18 +0300

ActionController::RoutingError (No route matches [GET] "/demo/inex"):
  actionpack (3.2.5) lib/action_dispatch/middleware/debug_exceptions.rb:21:in `call'
  actionpack (3.2.5) lib/action_dispatch/middleware/show_exceptions.rb:56:in `call'
  railties (3.2.5) lib/rails/rack/logger.rb:26:in `call_app'
  railties (3.2.5) lib/rails/rack/logger.rb:16:in `call'
  actionpack (3.2.5) lib/action_dispatch/middleware/request_id.rb:22:in `call'
  rack (1.4.5) lib/rack/methodoverride.rb:21:in `call'
  rack (1.4.5) lib/rack/runtime.rb:17:in `call'
  activesupport (3.2.5) lib/active_support/cache/strategy/local_cache.rb:72:in `call'
  rack (1.4.5) lib/rack/lock.rb:15:in `call'
  actionpack (3.2.5) lib/action_dispatch/middleware/static.rb:62:in `call'
  railties (3.2.5) lib/rails/engine.rb:479:in `call'
  railties (3.2.5) lib/rails/application.rb:220:in `call'
  rack (1.4.5) lib/rack/content_length.rb:14:in `call'
  railties (3.2.5) lib/rails/rack/log_tailer.rb:17:in `call'
  rack (1.4.5) lib/rack/handler/webrick.rb:59:in `service'
  d:/webraz/RailsInstaller/Ruby1.9.3/lib/ruby/1.9.1/webrick/httpserver.rb:138:in `service'
  d:/webraz/RailsInstaller/Ruby1.9.3/lib/ruby/1.9.1/webrick/httpserver.rb:94:in `run'
  d:/webraz/RailsInstaller/Ruby1.9.3/lib/ruby/1.9.1/webrick/server.rb:191:in `block in start_thread'


  Rendered d:/webraz/RailsInstaller/Ruby1.9.3/lib/ruby/gems/1.9.1/gems/actionpack-3.2.5/lib/action_dispatch/middleware/templates/rescues/routing_error.erb within rescues/layout (0.0ms)


Started GET "/demo/index" for 127.0.0.1 at 2013-08-26 22:35:26 +0300
Processing by DemoController#index as HTML
  Rendered demo/index.html.erb within layouts/application (0.0ms)
Compiled demo.css  (293ms)  (pid 464)
Compiled application.css  (370ms)  (pid 464)
Compiled jquery.js  (6ms)  (pid 464)
Compiled jquery_ujs.js  (0ms)  (pid 464)
Compiled demo.js  (31538ms)  (pid 464)
Compiled application.js  (32341ms)  (pid 464)
Completed 200 OK in 33854ms (Views: 33853.9ms | ActiveRecord: 0.0ms)


Started GET "/assets/application.css?body=1" for 127.0.0.1 at 2013-08-26 22:36:01 +0300
Served asset /application.css - 200 OK (6ms)


Started GET "/assets/demo.css?body=1" for 127.0.0.1 at 2013-08-26 22:36:01 +0300
Served asset /demo.css - 200 OK (3ms)


Started GET "/assets/jquery_ujs.js?body=1" for 127.0.0.1 at 2013-08-26 22:36:01 +0300
Served asset /jquery_ujs.js - 200 OK (12ms)


Started GET "/assets/jquery.js?body=1" for 127.0.0.1 at 2013-08-26 22:36:01 +0300
Served asset /jquery.js - 200 OK (13ms)


Started GET "/assets/application.js?body=1" for 127.0.0.1 at 2013-08-26 22:36:02 +0300
Served asset /application.js - 200 OK (13ms)


Started GET "/assets/demo.js?body=1" for 127.0.0.1 at 2013-08-26 22:36:02 +0300
Served asset /demo.js - 200 OK (3ms)


Started GET "/items" for 127.0.0.1 at 2013-08-26 22:48:14 +0300

ActionController::RoutingError (No route matches [GET] "/items"):
  actionpack (3.2.5) lib/action_dispatch/middleware/debug_exceptions.rb:21:in `call'
  actionpack (3.2.5) lib/action_dispatch/middleware/show_exceptions.rb:56:in `call'
  railties (3.2.5) lib/rails/rack/logger.rb:26:in `call_app'
  railties (3.2.5) lib/rails/rack/logger.rb:16:in `call'
  actionpack (3.2.5) lib/action_dispatch/middleware/request_id.rb:22:in `call'
  rack (1.4.5) lib/rack/methodoverride.rb:21:in `call'
  rack (1.4.5) lib/rack/runtime.rb:17:in `call'
  activesupport (3.2.5) lib/active_support/cache/strategy/local_cache.rb:72:in `call'
  rack (1.4.5) lib/rack/lock.rb:15:in `call'
  actionpack (3.2.5) lib/action_dispatch/middleware/static.rb:62:in `call'
  railties (3.2.5) lib/rails/engine.rb:479:in `call'
  railties (3.2.5) lib/rails/application.rb:220:in `call'
  rack (1.4.5) lib/rack/content_length.rb:14:in `call'
  railties (3.2.5) lib/rails/rack/log_tailer.rb:17:in `call'
  rack (1.4.5) lib/rack/handler/webrick.rb:59:in `service'
  d:/webraz/RailsInstaller/Ruby1.9.3/lib/ruby/1.9.1/webrick/httpserver.rb:138:in `service'
  d:/webraz/RailsInstaller/Ruby1.9.3/lib/ruby/1.9.1/webrick/httpserver.rb:94:in `run'
  d:/webraz/RailsInstaller/Ruby1.9.3/lib/ruby/1.9.1/webrick/server.rb:191:in `block in start_thread'


  Rendered d:/webraz/RailsInstaller/Ruby1.9.3/lib/ruby/gems/1.9.1/gems/actionpack-3.2.5/lib/action_dispatch/middleware/templates/rescues/routing_error.erb within rescues/layout (78.0ms)


Started GET "/demo/index" for 127.0.0.1 at 2013-08-26 23:26:21 +0300
Processing by DemoController#index as HTML
  Rendered demo/index.html.erb within layouts/application (0.0ms)
Completed 200 OK in 37ms (Views: 37.0ms | ActiveRecord: 0.0ms)


Started GET "/items" for 127.0.0.1 at 2013-08-26 23:48:16 +0300

ActionController::RoutingError (No route matches [GET] "/items"):
  actionpack (3.2.5) lib/action_dispatch/middleware/debug_exceptions.rb:21:in `call'
  actionpack (3.2.5) lib/action_dispatch/middleware/show_exceptions.rb:56:in `call'
  railties (3.2.5) lib/rails/rack/logger.rb:26:in `call_app'
  railties (3.2.5) lib/rails/rack/logger.rb:16:in `call'
  actionpack (3.2.5) lib/action_dispatch/middleware/request_id.rb:22:in `call'
  rack (1.4.5) lib/rack/methodoverride.rb:21:in `call'
  rack (1.4.5) lib/rack/runtime.rb:17:in `call'
  activesupport (3.2.5) lib/active_support/cache/strategy/local_cache.rb:72:in `call'
  rack (1.4.5) lib/rack/lock.rb:15:in `call'
  actionpack (3.2.5) lib/action_dispatch/middleware/static.rb:62:in `call'
  railties (3.2.5) lib/rails/engine.rb:479:in `call'
  railties (3.2.5) lib/rails/application.rb:220:in `call'
  rack (1.4.5) lib/rack/content_length.rb:14:in `call'
  railties (3.2.5) lib/rails/rack/log_tailer.rb:17:in `call'
  rack (1.4.5) lib/rack/handler/webrick.rb:59:in `service'
  d:/webraz/RailsInstaller/Ruby1.9.3/lib/ruby/1.9.1/webrick/httpserver.rb:138:in `service'
  d:/webraz/RailsInstaller/Ruby1.9.3/lib/ruby/1.9.1/webrick/httpserver.rb:94:in `run'
  d:/webraz/RailsInstaller/Ruby1.9.3/lib/ruby/1.9.1/webrick/server.rb:191:in `block in start_thread'


  Rendered d:/webraz/RailsInstaller/Ruby1.9.3/lib/ruby/gems/1.9.1/gems/actionpack-3.2.5/lib/action_dispatch/middleware/templates/rescues/routing_error.erb within rescues/layout (182.0ms)


Started GET "/items" for 127.0.0.1 at 2013-08-27 00:48:18 +0300

ActionController::RoutingError (No route matches [GET] "/items"):
  actionpack (3.2.5) lib/action_dispatch/middleware/debug_exceptions.rb:21:in `call'
  actionpack (3.2.5) lib/action_dispatch/middleware/show_exceptions.rb:56:in `call'
  railties (3.2.5) lib/rails/rack/logger.rb:26:in `call_app'
  railties (3.2.5) lib/rails/rack/logger.rb:16:in `call'
  actionpack (3.2.5) lib/action_dispatch/middleware/request_id.rb:22:in `call'
  rack (1.4.5) lib/rack/methodoverride.rb:21:in `call'
  rack (1.4.5) lib/rack/runtime.rb:17:in `call'
  activesupport (3.2.5) lib/active_support/cache/strategy/local_cache.rb:72:in `call'
  rack (1.4.5) lib/rack/lock.rb:15:in `call'
  actionpack (3.2.5) lib/action_dispatch/middleware/static.rb:62:in `call'
  railties (3.2.5) lib/rails/engine.rb:479:in `call'
  railties (3.2.5) lib/rails/application.rb:220:in `call'
  rack (1.4.5) lib/rack/content_length.rb:14:in `call'
  railties (3.2.5) lib/rails/rack/log_tailer.rb:17:in `call'
  rack (1.4.5) lib/rack/handler/webrick.rb:59:in `service'
  d:/webraz/RailsInstaller/Ruby1.9.3/lib/ruby/1.9.1/webrick/httpserver.rb:138:in `service'
  d:/webraz/RailsInstaller/Ruby1.9.3/lib/ruby/1.9.1/webrick/httpserver.rb:94:in `run'
  d:/webraz/RailsInstaller/Ruby1.9.3/lib/ruby/1.9.1/webrick/server.rb:191:in `block in start_thread'


  Rendered d:/webraz/RailsInstaller/Ruby1.9.3/lib/ruby/gems/1.9.1/gems/actionpack-3.2.5/lib/action_dispatch/middleware/templates/rescues/routing_error.erb within rescues/layout (47.0ms)


Started GET "/items" for 127.0.0.1 at 2013-08-27 01:16:26 +0300

ActionController::RoutingError (No route matches [GET] "/items"):
  actionpack (3.2.5) lib/action_dispatch/middleware/debug_exceptions.rb:21:in `call'
  actionpack (3.2.5) lib/action_dispatch/middleware/show_exceptions.rb:56:in `call'
  railties (3.2.5) lib/rails/rack/logger.rb:26:in `call_app'
  railties (3.2.5) lib/rails/rack/logger.rb:16:in `call'
  actionpack (3.2.5) lib/action_dispatch/middleware/request_id.rb:22:in `call'
  rack (1.4.5) lib/rack/methodoverride.rb:21:in `call'
  rack (1.4.5) lib/rack/runtime.rb:17:in `call'
  activesupport (3.2.5) lib/active_support/cache/strategy/local_cache.rb:72:in `call'
  rack (1.4.5) lib/rack/lock.rb:15:in `call'
  actionpack (3.2.5) lib/action_dispatch/middleware/static.rb:62:in `call'
  railties (3.2.5) lib/rails/engine.rb:479:in `call'
  railties (3.2.5) lib/rails/application.rb:220:in `call'
  rack (1.4.5) lib/rack/content_length.rb:14:in `call'
  railties (3.2.5) lib/rails/rack/log_tailer.rb:17:in `call'
  rack (1.4.5) lib/rack/handler/webrick.rb:59:in `service'
  d:/webraz/RailsInstaller/Ruby1.9.3/lib/ruby/1.9.1/webrick/httpserver.rb:138:in `service'
  d:/webraz/RailsInstaller/Ruby1.9.3/lib/ruby/1.9.1/webrick/httpserver.rb:94:in `run'
  d:/webraz/RailsInstaller/Ruby1.9.3/lib/ruby/1.9.1/webrick/server.rb:191:in `block in start_thread'


  Rendered d:/webraz/RailsInstaller/Ruby1.9.3/lib/ruby/gems/1.9.1/gems/actionpack-3.2.5/lib/action_dispatch/middleware/templates/rescues/routing_error.erb within rescues/layout (56.0ms)


Started GET "/demo/index" for 127.0.0.1 at 2013-08-27 01:16:26 +0300
Processing by DemoController#index as HTML
  Rendered demo/index.html.erb within layouts/application (24.0ms)
Completed 200 OK in 1824ms (Views: 1579.1ms | ActiveRecord: 0.0ms)


Started GET "/items" for 127.0.0.1 at 2013-08-27 01:48:21 +0300

ActionController::RoutingError (No route matches [GET] "/items"):
  actionpack (3.2.5) lib/action_dispatch/middleware/debug_exceptions.rb:21:in `call'
  actionpack (3.2.5) lib/action_dispatch/middleware/show_exceptions.rb:56:in `call'
  railties (3.2.5) lib/rails/rack/logger.rb:26:in `call_app'
  railties (3.2.5) lib/rails/rack/logger.rb:16:in `call'
  actionpack (3.2.5) lib/action_dispatch/middleware/request_id.rb:22:in `call'
  rack (1.4.5) lib/rack/methodoverride.rb:21:in `call'
  rack (1.4.5) lib/rack/runtime.rb:17:in `call'
  activesupport (3.2.5) lib/active_support/cache/strategy/local_cache.rb:72:in `call'
  rack (1.4.5) lib/rack/lock.rb:15:in `call'
  actionpack (3.2.5) lib/action_dispatch/middleware/static.rb:62:in `call'
  railties (3.2.5) lib/rails/engine.rb:479:in `call'
  railties (3.2.5) lib/rails/application.rb:220:in `call'
  rack (1.4.5) lib/rack/content_length.rb:14:in `call'
  railties (3.2.5) lib/rails/rack/log_tailer.rb:17:in `call'
  rack (1.4.5) lib/rack/handler/webrick.rb:59:in `service'
  d:/webraz/RailsInstaller/Ruby1.9.3/lib/ruby/1.9.1/webrick/httpserver.rb:138:in `service'
  d:/webraz/RailsInstaller/Ruby1.9.3/lib/ruby/1.9.1/webrick/httpserver.rb:94:in `run'
  d:/webraz/RailsInstaller/Ruby1.9.3/lib/ruby/1.9.1/webrick/server.rb:191:in `block in start_thread'


  Rendered d:/webraz/RailsInstaller/Ruby1.9.3/lib/ruby/gems/1.9.1/gems/actionpack-3.2.5/lib/action_dispatch/middleware/templates/rescues/routing_error.erb within rescues/layout (153.0ms)
Connecting to database specified by database.yml
Connecting to database specified by database.yml
  [1m[36m (0.0ms)[0m  [1mselect sqlite_version(*)[0m
  [1m[35m (138.0ms)[0m  CREATE TABLE "schema_migrations" ("version" varchar(255) NOT NULL) 
  [1m[36m (0.0ms)[0m  [1mPRAGMA index_list("schema_migrations")[0m
  [1m[35m (111.0ms)[0m  CREATE UNIQUE INDEX "unique_schema_migrations" ON "schema_migrations" ("version")
  [1m[36m (1.0ms)[0m  [1mSELECT "schema_migrations"."version" FROM "schema_migrations" [0m
Migrating to CreateUsers (20130827183442)
  [1m[35m (0.0ms)[0m  begin transaction
  [1m[36m (1.0ms)[0m  [1mCREATE TABLE "users" ("id" INTEGER PRIMARY KEY AUTOINCREMENT NOT NULL, "first_name" varchar(25), "last_name" varchar(50), "email" varchar(255) DEFAULT '' NOT NULL, "password" varchar(40), "created_at" datetime NOT NULL, "updated_at" datetime NOT NULL) [0m
  [1m[35m (1.0ms)[0m  INSERT INTO "schema_migrations" ("version") VALUES ('20130827183442')
  [1m[36m (117.0ms)[0m  [1mcommit transaction[0m
  [1m[35m (1.0ms)[0m  select sqlite_version(*)
  [1m[36m (0.0ms)[0m  [1mSELECT "schema_migrations"."version" FROM "schema_migrations" [0m
  [1m[35m (0.0ms)[0m  PRAGMA index_list("users")
